#
# There is insufficient memory for the Java Runtime Environment to continue.
# Native memory allocation (malloc) failed to allocate 85776 bytes for Chunk::new
# Possible reasons:
#   The system is out of physical RAM or swap space
#   The process is running with CompressedOops enabled, and the Java Heap may be blocking the growth of the native heap
# Possible solutions:
#   Reduce memory load on the system
#   Increase physical memory or swap space
#   Check if swap backing store is full
#   Decrease Java heap size (-Xmx/-Xms)
#   Decrease number of Java threads
#   Decrease Java thread stack sizes (-Xss)
#   Set larger code cache with -XX:ReservedCodeCacheSize=
#   JVM is running with Unscaled Compressed Oops mode in which the Java heap is
#     placed in the first 4GB address space. The Java Heap base address is the
#     maximum limit for the native heap growth. Please use -XX:HeapBaseMinAddress
#     to set the Java Heap base and to place the Java Heap above 4GB virtual address.
# This output file may be truncated or incomplete.
#
#  Out of Memory Error (allocation.cpp:389), pid=47952, tid=0x0000000000002078
#
# JRE version: OpenJDK Runtime Environment (Zulu 8.68.0.21-CA-win64) (8.0_362-b09) (build 1.8.0_362-b09)
# Java VM: OpenJDK 64-Bit Server VM (25.362-b09 mixed mode windows-amd64 compressed oops)
# Failed to write core dump. Minidumps are not enabled by default on client versions of Windows
#

---------------  T H R E A D  ---------------

Current thread (0x000002385eb4f800):  JavaThread "C2 CompilerThread1" daemon [_thread_in_native, id=8312, stack(0x0000004b42500000,0x0000004b42600000)]

Stack: [0x0000004b42500000,0x0000004b42600000]
[error occurred during error reporting (printing stack bounds), id 0xc0000005]

Native frames: (J=compiled Java code, j=interpreted, Vv=VM code, C=native code)


Current CompileTask:
C2:    516  110       4       java.io.WinNTFileSystem::normalize (143 bytes)


---------------  P R O C E S S  ---------------

Java Threads: ( => current thread )
  0x000002385ed18800 JavaThread "Service Thread" daemon [_thread_blocked, id=18736, stack(0x0000004b42800000,0x0000004b42900000)]
  0x000002385eb54000 JavaThread "C1 CompilerThread3" daemon [_thread_in_native, id=42336, stack(0x0000004b42700000,0x0000004b42800000)]
  0x000002385eb52000 JavaThread "C2 CompilerThread2" daemon [_thread_in_native, id=23048, stack(0x0000004b42600000,0x0000004b42700000)]
=>0x000002385eb4f800 JavaThread "C2 CompilerThread1" daemon [_thread_in_native, id=8312, stack(0x0000004b42500000,0x0000004b42600000)]
  0x000002385eb4e800 JavaThread "C2 CompilerThread0" daemon [_thread_in_native, id=47964, stack(0x0000004b42400000,0x0000004b42500000)]
  0x000002385eb36000 JavaThread "Attach Listener" daemon [_thread_blocked, id=14568, stack(0x0000004b42300000,0x0000004b42400000)]
  0x000002385eb35800 JavaThread "Signal Dispatcher" daemon [_thread_blocked, id=39652, stack(0x0000004b42200000,0x0000004b42300000)]
  0x000002385cadb800 JavaThread "Finalizer" daemon [_thread_blocked, id=31440, stack(0x0000004b42100000,0x0000004b42200000)]
  0x000002385cad5000 JavaThread "Reference Handler" daemon [_thread_blocked, id=29248, stack(0x0000004b42000000,0x0000004b42100000)]
  0x0000023846711000 JavaThread "main" [_thread_in_Java, id=46280, stack(0x0000004b41600000,0x0000004b41700000)]

Other Threads:
  0x000002385caaa800 VMThread [stack: 0x0000004b41f00000,0x0000004b42000000] [id=12672]
  0x000002385ed1b800 WatcherThread [stack: 0x0000004b42900000,0x0000004b42a00000] [id=30328]

VM state:not at safepoint (normal execution)

VM Mutex/Monitor currently owned by a thread:  ([mutex/lock_event])
[0x00000238466f9fb0] MethodData_lock - owner thread: 0x0000000000000000

heap address: 0x0000000080000000, size: 2048 MB, Compressed Oops mode: 32-bit
Narrow klass base: 0x0000000000000000, Narrow klass shift: 3
Compressed class space size: 1073741824 Address: 0x0000000100000000

Heap:
 PSYoungGen      total 36864K, used 9566K [0x00000000d5580000, 0x00000000d7e80000, 0x0000000100000000)
  eden space 31744K, 30% used [0x00000000d5580000,0x00000000d5ed7b58,0x00000000d7480000)
  from space 5120K, 0% used [0x00000000d7980000,0x00000000d7980000,0x00000000d7e80000)
  to   space 5120K, 0% used [0x00000000d7480000,0x00000000d7480000,0x00000000d7980000)
 ParOldGen       total 84992K, used 0K [0x0000000080000000, 0x0000000085300000, 0x00000000d5580000)
  object space 84992K, 0% used [0x0000000080000000,0x0000000080000000,0x0000000085300000)
 Metaspace       used 3355K, capacity 4652K, committed 4864K, reserved 1056768K
  class space    used 351K, capacity 424K, committed 512K, reserved 1048576K

Card table byte_map: [0x0000023857360000,0x0000023857770000] byte_map_base: 0x0000023856f60000

Marking Bits: (ParMarkBitMap*) 0x0000000074485390
 Begin Bits: [0x0000023857a20000, 0x0000023859a20000)
 End Bits:   [0x0000023859a20000, 0x000002385ba20000)

Polling page: 0x0000023847f70000

CodeCache: size=245760Kb used=1437Kb max_used=1437Kb free=244322Kb
 bounds [0x0000023847fa0000, 0x0000023848210000, 0x0000023856fa0000]
 total_blobs=374 nmethods=125 adapters=160
 compilation: enabled

Compilation events (10 events):
Event: 0.504 Thread 0x000002385eb54000  106       3       java.net.URL::<init> (8 bytes)
Event: 0.504 Thread 0x000002385eb54000 nmethod 106 0x00000238480f3d90 code [0x00000238480f3f00, 0x00000238480f4090]
Event: 0.504 Thread 0x000002385eb54000  115       3       java.net.URI$Parser::checkChars (44 bytes)
Event: 0.505 Thread 0x000002385eb54000 nmethod 115 0x00000238480f4110 code [0x00000238480f4300, 0x00000238480f4c30]
Event: 0.505 Thread 0x000002385eb54000  117       3       java.net.URI::quote (208 bytes)
Event: 0.507 Thread 0x000002385eb52000 nmethod 114% 0x00000238480f8110 code [0x00000238480f8260, 0x00000238480f85b8]
Event: 0.507 Thread 0x000002385eb54000 nmethod 117 0x00000238480f8750 code [0x00000238480f8b00, 0x00000238480fb2d0]
Event: 0.508 Thread 0x000002385eb54000  120       3       sun.net.www.ParseUtil::encodePath (336 bytes)
Event: 0.509 Thread 0x000002385eb54000 nmethod 120 0x00000238480f6710 code [0x00000238480f6980, 0x00000238480f7980]
Event: 0.509 Thread 0x000002385eb54000  121       3       sun.nio.cs.UTF_8$Decoder::decode (779 bytes)

GC Heap History (0 events):
No events

Deoptimization events (0 events):
No events

Classes redefined (0 events):
No events

Internal exceptions (6 events):
Event: 0.059 Thread 0x0000023846711000 Exception <a 'java/lang/NoSuchMethodError': Method sun.misc.Unsafe.defineClass(Ljava/lang/String;[BII)Ljava/lang/Class; name or signature does not match> (0x00000000d5587ce0) thrown at [C:\jenkins\workspace\zulu-platform-build\zulu-src.git\hotspot\src\sha
Event: 0.059 Thread 0x0000023846711000 Exception <a 'java/lang/NoSuchMethodError': Method sun.misc.Unsafe.prefetchRead(Ljava/lang/Object;J)V name or signature does not match> (0x00000000d5587fc8) thrown at [C:\jenkins\workspace\zulu-platform-build\zulu-src.git\hotspot\src\share\vm\prims\jni.cp
Event: 0.359 Thread 0x0000023846711000 Exception <a 'java/security/PrivilegedActionException'> (0x00000000d5b83f58) thrown at [C:\jenkins\workspace\zulu-platform-build\zulu-src.git\hotspot\src\share\vm\prims\jvm.cpp, line 1514]
Event: 0.359 Thread 0x0000023846711000 Exception <a 'java/security/PrivilegedActionException'> (0x00000000d5b84168) thrown at [C:\jenkins\workspace\zulu-platform-build\zulu-src.git\hotspot\src\share\vm\prims\jvm.cpp, line 1514]
Event: 0.383 Thread 0x0000023846711000 Exception <a 'java/security/PrivilegedActionException'> (0x00000000d5be22d8) thrown at [C:\jenkins\workspace\zulu-platform-build\zulu-src.git\hotspot\src\share\vm\prims\jvm.cpp, line 1514]
Event: 0.383 Thread 0x0000023846711000 Exception <a 'java/security/PrivilegedActionException'> (0x00000000d5be24e8) thrown at [C:\jenkins\workspace\zulu-platform-build\zulu-src.git\hotspot\src\share\vm\prims\jvm.cpp, line 1514]

Events (10 events):
Event: 0.470 loading class java/util/ArrayList$SubList
Event: 0.470 loading class java/util/ArrayList$SubList done
Event: 0.471 loading class java/util/ArrayList$SubList$1
Event: 0.471 loading class java/util/ArrayList$SubList$1 done
Event: 0.506 loading class org/codehaus/groovy/tools/GroovyStarter$1
Event: 0.506 loading class org/codehaus/groovy/tools/GroovyStarter$1 done
Event: 0.508 loading class org/codehaus/groovy/tools/RootLoader
Event: 0.508 loading class org/codehaus/groovy/tools/RootLoader done
Event: 0.510 loading class org/w3c/dom/Node
Event: 0.511 loading class org/w3c/dom/Node done


Dynamic libraries:
0x00007ff7907d0000 - 0x00007ff790821000 	C:\Users\phlv5\.katalon\packages\Katalon_Studio_Windows_64-8.6.8\Katalon_Studio_Windows_64-8.6.8\jre\bin\javaw.exe
0x00007ff8079f0000 - 0x00007ff807c07000 	C:\WINDOWS\SYSTEM32\ntdll.dll
0x00007ff8067e0000 - 0x00007ff8068a4000 	C:\WINDOWS\System32\KERNEL32.DLL
0x00007ff804d70000 - 0x00007ff805116000 	C:\WINDOWS\System32\KERNELBASE.dll
0x00007ff805b40000 - 0x00007ff805bf0000 	C:\WINDOWS\System32\ADVAPI32.dll
0x00007ff805a90000 - 0x00007ff805b37000 	C:\WINDOWS\System32\msvcrt.dll
0x00007ff8070a0000 - 0x00007ff807146000 	C:\WINDOWS\System32\sechost.dll
0x00007ff805780000 - 0x00007ff805897000 	C:\WINDOWS\System32\RPCRT4.dll
0x00007ff8064b0000 - 0x00007ff80665d000 	C:\WINDOWS\System32\USER32.dll
0x00007ff805120000 - 0x00007ff805146000 	C:\WINDOWS\System32\win32u.dll
0x00007ff805750000 - 0x00007ff805779000 	C:\WINDOWS\System32\GDI32.dll
0x00007ff8051f0000 - 0x00007ff805308000 	C:\WINDOWS\System32\gdi32full.dll
0x00007ff805150000 - 0x00007ff8051ea000 	C:\WINDOWS\System32\msvcp_win.dll
0x00007ff805310000 - 0x00007ff805421000 	C:\WINDOWS\System32\ucrtbase.dll
0x00007fffeb070000 - 0x00007fffeb303000 	C:\WINDOWS\WinSxS\amd64_microsoft.windows.common-controls_6595b64144ccf1df_6.0.22621.2361_none_2712ced57382f843\COMCTL32.dll
0x00007ff8068b0000 - 0x00007ff8068e1000 	C:\WINDOWS\System32\IMM32.DLL
0x00007ffff09b0000 - 0x00007ffff09c5000 	C:\Users\phlv5\.katalon\packages\Katalon_Studio_Windows_64-8.6.8\Katalon_Studio_Windows_64-8.6.8\jre\bin\vcruntime140.dll
0x00007fffed140000 - 0x00007fffed1db000 	C:\Users\phlv5\.katalon\packages\Katalon_Studio_Windows_64-8.6.8\Katalon_Studio_Windows_64-8.6.8\jre\bin\msvcp140.dll
0x0000000073c90000 - 0x0000000074500000 	C:\Users\phlv5\.katalon\packages\Katalon_Studio_Windows_64-8.6.8\Katalon_Studio_Windows_64-8.6.8\jre\bin\server\jvm.dll
0x00007ff805bf0000 - 0x00007ff805bf8000 	C:\WINDOWS\System32\PSAPI.DLL
0x00007fffe9f90000 - 0x00007fffe9f99000 	C:\WINDOWS\SYSTEM32\WSOCK32.dll
0x00007ff806660000 - 0x00007ff8066d1000 	C:\WINDOWS\System32\WS2_32.dll
0x00007ffffcb90000 - 0x00007ffffcbc4000 	C:\WINDOWS\SYSTEM32\WINMM.dll
0x00007ffffce10000 - 0x00007ffffce1a000 	C:\WINDOWS\SYSTEM32\VERSION.dll
0x00007ff803ea0000 - 0x00007ff803eb8000 	C:\WINDOWS\SYSTEM32\kernel.appcore.dll
0x00007ffffd6c0000 - 0x00007ffffd6d0000 	C:\Users\phlv5\.katalon\packages\Katalon_Studio_Windows_64-8.6.8\Katalon_Studio_Windows_64-8.6.8\jre\bin\verify.dll
0x00007ffff0960000 - 0x00007ffff098b000 	C:\Users\phlv5\.katalon\packages\Katalon_Studio_Windows_64-8.6.8\Katalon_Studio_Windows_64-8.6.8\jre\bin\java.dll
0x00007ffffd4d0000 - 0x00007ffffd4e8000 	C:\Users\phlv5\.katalon\packages\Katalon_Studio_Windows_64-8.6.8\Katalon_Studio_Windows_64-8.6.8\jre\bin\zip.dll
0x00007ff807150000 - 0x00007ff8079a8000 	C:\WINDOWS\System32\SHELL32.dll
0x00007ff802cd0000 - 0x00007ff8035c2000 	C:\WINDOWS\SYSTEM32\windows.storage.dll
0x00007ff805c90000 - 0x00007ff80601a000 	C:\WINDOWS\System32\combase.dll
0x00007ff802b90000 - 0x00007ff802cce000 	C:\WINDOWS\SYSTEM32\wintypes.dll
0x00007ff806950000 - 0x00007ff806a43000 	C:\WINDOWS\System32\SHCORE.dll
0x00007ff8068f0000 - 0x00007ff80694e000 	C:\WINDOWS\System32\shlwapi.dll
0x00007ff804ca0000 - 0x00007ff804cc6000 	C:\WINDOWS\SYSTEM32\profapi.dll

VM Arguments:
jvm_args: -Dgroovy.home=C:\Users\phlv5/.groovy -Djava.system.class.loader=groovy.lang.GroovyClassLoader -Xmx2048m -Dfile.encoding=UTF-8 
java_command: org.codehaus.groovy.tools.GroovyStarter --classpath C:\Users\phlv5\Katalon Studio\Git\DesktopApplication\bin\keyword;C:\Users\phlv5\Katalon Studio\Git\DesktopApplication\Keywords;C:\Users\phlv5\Katalon Studio\Git\DesktopApplication\bin\listener;C:\Users\phlv5\Katalon Studio\Git\DesktopApplication\Test Listeners;C:\Users\phlv5\Katalon Studio\Git\DesktopApplication\bin\lib;C:\Users\phlv5\Katalon Studio\Git\DesktopApplication\Libs;C:\Users\phlv5\Katalon Studio\Git\DesktopApplication\bin\groovy;C:\Users\phlv5\Katalon Studio\Git\DesktopApplication\Include\scripts\groovy;C:\Users\phlv5\.katalon\packages\Katalon_Studio_Windows_64-8.6.8\Katalon_Studio_Windows_64-8.6.8\plugins\com.kms.katalon.core_1.0.0.202309060301.jar;C:\Users\phlv5\.katalon\packages\Katalon_Studio_Windows_64-8.6.8\Katalon_Studio_Windows_64-8.6.8\configuration\resources\lib\aalto-xml-1.0.0.jar;C:\Users\phlv5\.katalon\packages\Katalon_Studio_Windows_64-8.6.8\Katalon_Studio_Windows_64-8.6.8\configuration\resources\lib\aspectjweaver-1.9.1.jar;C:\Users\phlv5\.katalon\packages\Katalon_Studio_Windows_64-8.6.8\Katalon_Studio_Windows_64-8.6.8\configuration\resources\lib\bcpkix-jdk15on-1.64.jar;C:\Users\phlv5\.katalon\packages\Katalon_Studio_Windows_64-8.6.8\Katalon_Studio_Windows_64-8.6.8\configuration\resources\lib\bcprov-jdk15on-1.64.jar;C:\Users\phlv5\.katalon\packages\Katalon_Studio_Windows_64-8.6.8\Katalon_Studio_Windows_64-8.6.8\configuration\resources\lib\browsermob-core-2.1.5.jar;C:\Users\phlv5\.katalon\packages\Katalon_Studio_Windows_64-8.6.8\Katalon_Studio_Windows_64-8.6.8\configuration\resources\lib\cglib-3.2.10.jar;C:\Users\phlv5\.katalon\packages\Katalon_Studio_Windows_64-8.6.8\Katalon_Studio_Windows_64-8.6.8\configuration\resources\lib\commons-codec-1.10.jar;C:\Users\phlv5\.katalon\packages\Katalon_Studio_Windows_64-8.6.8\Katalon_Studio_Windows_64-8.6.8\configuration\resources\lib\commons-collections4-4.1.jar;C:\Users\phlv5\.katalon\packages\Katalon_Studio_Windows_64-8.6.8\Katalon_Stu
java_class_path (initial): C:\Users\phlv5\Katalon Studio\Git\DesktopApplication\bin\keyword;C:\Users\phlv5\Katalon Studio\Git\DesktopApplication\bin\listener;C:\Users\phlv5\Katalon Studio\Git\DesktopApplication\bin\lib;C:\Users\phlv5\Katalon Studio\Git\DesktopApplication\bin\groovy;C:\Users\phlv5\Katalon Studio\Git\DesktopApplication\bin;C:\Users\phlv5\.katalon\packages\Katalon_Studio_Windows_64-8.6.8\Katalon_Studio_Windows_64-8.6.8\plugins\com.kms.katalon.core_1.0.0.202309060301.jar;C:\Users\phlv5\.katalon\packages\Katalon_Studio_Windows_64-8.6.8\Katalon_Studio_Windows_64-8.6.8\configuration\resources\lib\aalto-xml-1.0.0.jar;C:\Users\phlv5\.katalon\packages\Katalon_Studio_Windows_64-8.6.8\Katalon_Studio_Windows_64-8.6.8\configuration\resources\lib\aspectjweaver-1.9.1.jar;C:\Users\phlv5\.katalon\packages\Katalon_Studio_Windows_64-8.6.8\Katalon_Studio_Windows_64-8.6.8\configuration\resources\lib\bcpkix-jdk15on-1.64.jar;C:\Users\phlv5\.katalon\packages\Katalon_Studio_Windows_64-8.6.8\Katalon_Studio_Windows_64-8.6.8\configuration\resources\lib\bcprov-jdk15on-1.64.jar;C:\Users\phlv5\.katalon\packages\Katalon_Studio_Windows_64-8.6.8\Katalon_Studio_Windows_64-8.6.8\configuration\resources\lib\browsermob-core-2.1.5.jar;C:\Users\phlv5\.katalon\packages\Katalon_Studio_Windows_64-8.6.8\Katalon_Studio_Windows_64-8.6.8\configuration\resources\lib\cglib-3.2.10.jar;C:\Users\phlv5\.katalon\packages\Katalon_Studio_Windows_64-8.6.8\Katalon_Studio_Windows_64-8.6.8\configuration\resources\lib\commons-codec-1.10.jar;C:\Users\phlv5\.katalon\packages\Katalon_Studio_Windows_64-8.6.8\Katalon_Studio_Windows_64-8.6.8\configuration\resources\lib\commons-collections4-4.1.jar;C:\Users\phlv5\.katalon\packages\Katalon_Studio_Windows_64-8.6.8\Katalon_Studio_Windows_64-8.6.8\configuration\resources\lib\commons-validator-1.6.jar;C:\Users\phlv5\.katalon\packages\Katalon_Studio_Windows_64-8.6.8\Katalon_Studio_Windows_64-8.6.8\configuration\resources\lib\curvesapi-1.04.jar;C:\Users\phlv5\.katalon\pac
Launcher Type: SUN_STANDARD

Environment Variables:
JAVA_HOME=C:\Program Files\Java\Java\jdk1.8.0_111
PATH=C:/Users/phlv5/.katalon/packages/Katalon_Studio_Windows_64-8.6.8/Katalon_Studio_Windows_64-8.6.8/jre/bin/server;C:/Users/phlv5/.katalon/packages/Katalon_Studio_Windows_64-8.6.8/Katalon_Studio_Windows_64-8.6.8/jre/bin;C:/Users/phlv5/.katalon/packages/Katalon_Studio_Windows_64-8.6.8/Katalon_Studio_Windows_64-8.6.8/jre/lib/amd64;C:\WINDOWS\system32;C:\WINDOWS;C:\WINDOWS\System32\Wbem;C:\WINDOWS\System32\WindowsPowerShell\v1.0\;C:\WINDOWS\System32\OpenSSH\;C:\Program Files (x86)\HP\Common\HPDestPlgIn\;%Java%\bin\;C:\Program Files\nodejs\;C:\Program Files\Java\Java\jdk1.8.0_111\bin;C:\commandlinetools-win-8512546_latest\build-tools;C:\commandlinetools-win-8512546_latest\platform-tools;C:\Program Files\Git\cmd;C:\Users\phlv5\AppData\Local\Programs\Python\Python312\Scripts\;C:\Users\phlv5\AppData\Local\Programs\Python\Python312\;C:\Users\phlv5\AppData\Local\Microsoft\WindowsApps;C:\Program Files (x86)\HP\Common\HPDestPlgIn\;C:\Users\phlv5\AppData\Roaming\npm;C:\Users\phlv5\.katalon\packages\Katalon_Studio_Windows_64-8.6.8\Katalon_Studio_Windows_64-8.6.8;
USERNAME=Praveen Reddy
OS=Windows_NT
PROCESSOR_IDENTIFIER=Intel64 Family 6 Model 140 Stepping 1, GenuineIntel



---------------  S Y S T E M  ---------------

OS: Windows 11 , 64 bit Build 22621 (10.0.22621.2428)

CPU:total 8 (initial active 8) (4 cores per cpu, 2 threads per core) family 6 model 140 stepping 1, cmov, cx8, fxsr, mmx, sse, sse2, sse3, ssse3, sse4.1, sse4.2, popcnt, avx, avx2, aes, clmul, erms, 3dnowpref, lzcnt, ht, tsc, tscinvbit, bmi1, bmi2, adx

Memory: 4k page, physical 8074280k(253720k free), swap 33240104k(112k free)

vm_info: OpenJDK 64-Bit Server VM (25.362-b09) for windows-amd64 JRE (Zulu 8.68.0.21-CA-win64) (1.8.0_362-b09), built on Jan 19 2023 16:49:02 by "tester" with MS VC++ 15.9 (VS2017)

time: Thu Nov 30 15:01:47 2023
timezone: India Standard Time
elapsed time: 0.521684 seconds (0d 0h 0m 0s)

