#
# There is insufficient memory for the Java Runtime Environment to continue.
# Native memory allocation (malloc) failed to allocate 44480 bytes for Chunk::new
# Possible reasons:
#   The system is out of physical RAM or swap space
#   The process is running with CompressedOops enabled, and the Java Heap may be blocking the growth of the native heap
# Possible solutions:
#   Reduce memory load on the system
#   Increase physical memory or swap space
#   Check if swap backing store is full
#   Decrease Java heap size (-Xmx/-Xms)
#   Decrease number of Java threads
#   Decrease Java thread stack sizes (-Xss)
#   Set larger code cache with -XX:ReservedCodeCacheSize=
#   JVM is running with Unscaled Compressed Oops mode in which the Java heap is
#     placed in the first 4GB address space. The Java Heap base address is the
#     maximum limit for the native heap growth. Please use -XX:HeapBaseMinAddress
#     to set the Java Heap base and to place the Java Heap above 4GB virtual address.
# This output file may be truncated or incomplete.
#
#  Out of Memory Error (allocation.cpp:389), pid=41768, tid=0x0000000000007984
#
# JRE version: OpenJDK Runtime Environment (Zulu 8.68.0.21-CA-win64) (8.0_362-b09) (build 1.8.0_362-b09)
# Java VM: OpenJDK 64-Bit Server VM (25.362-b09 mixed mode windows-amd64 compressed oops)
# Failed to write core dump. Minidumps are not enabled by default on client versions of Windows
#

---------------  T H R E A D  ---------------

Current thread (0x00000173f7074800):  JavaThread "C2 CompilerThread1" daemon [_thread_in_native, id=31108, stack(0x0000004dc2600000,0x0000004dc2700000)]

Stack: [0x0000004dc2600000,0x0000004dc2700000]
[error occurred during error reporting (printing stack bounds), id 0xc0000005]

Native frames: (J=compiled Java code, j=interpreted, Vv=VM code, C=native code)


Current CompileTask:
C2:   3799 1503   !   4       sun.misc.URLClassPath$FileLoader::getResource (164 bytes)


---------------  P R O C E S S  ---------------

Java Threads: ( => current thread )
  0x00000173f70b7000 JavaThread "Service Thread" daemon [_thread_blocked, id=41416, stack(0x0000004dc2900000,0x0000004dc2a00000)]
  0x00000173f707a000 JavaThread "C1 CompilerThread3" daemon [_thread_blocked, id=38640, stack(0x0000004dc2800000,0x0000004dc2900000)]
  0x00000173f7079800 JavaThread "C2 CompilerThread2" daemon [_thread_blocked, id=19388, stack(0x0000004dc2700000,0x0000004dc2800000)]
=>0x00000173f7074800 JavaThread "C2 CompilerThread1" daemon [_thread_in_native, id=31108, stack(0x0000004dc2600000,0x0000004dc2700000)]
  0x00000173f7073800 JavaThread "C2 CompilerThread0" daemon [_thread_in_native, id=228, stack(0x0000004dc2500000,0x0000004dc2600000)]
  0x00000173f7065000 JavaThread "Attach Listener" daemon [_thread_blocked, id=47404, stack(0x0000004dc2400000,0x0000004dc2500000)]
  0x00000173f7064000 JavaThread "Signal Dispatcher" daemon [_thread_blocked, id=7556, stack(0x0000004dc2300000,0x0000004dc2400000)]
  0x00000173f4fed800 JavaThread "Finalizer" daemon [_thread_blocked, id=9980, stack(0x0000004dc2200000,0x0000004dc2300000)]
  0x00000173f4fe6800 JavaThread "Reference Handler" daemon [_thread_blocked, id=32180, stack(0x0000004dc2100000,0x0000004dc2200000)]
  0x00000173deb1a800 JavaThread "main" [_thread_in_vm, id=4136, stack(0x0000004dc1700000,0x0000004dc1800000)]

Other Threads:
  0x00000173f4fbb000 VMThread [stack: 0x0000004dc2000000,0x0000004dc2100000] [id=42624]
  0x00000173f7238800 WatcherThread [stack: 0x0000004dc2a00000,0x0000004dc2b00000] [id=46744]

VM state:not at safepoint (normal execution)

VM Mutex/Monitor currently owned by a thread: None

heap address: 0x0000000080000000, size: 2048 MB, Compressed Oops mode: 32-bit
Narrow klass base: 0x0000000000000000, Narrow klass shift: 3
Compressed class space size: 1073741824 Address: 0x0000000100000000

Heap:
 PSYoungGen      total 36352K, used 33626K [0x00000000d5580000, 0x00000000d8200000, 0x0000000100000000)
  eden space 31232K, 91% used [0x00000000d5580000,0x00000000d7159c40,0x00000000d7400000)
  from space 5120K, 99% used [0x00000000d7480000,0x00000000d797ce38,0x00000000d7980000)
  to   space 7168K, 0% used [0x00000000d7b00000,0x00000000d7b00000,0x00000000d8200000)
 ParOldGen       total 84992K, used 2059K [0x0000000080000000, 0x0000000085300000, 0x00000000d5580000)
  object space 84992K, 2% used [0x0000000080000000,0x0000000080202dd8,0x0000000085300000)
 Metaspace       used 17064K, capacity 17318K, committed 17664K, reserved 1064960K
  class space    used 1814K, capacity 1921K, committed 2048K, reserved 1048576K

Card table byte_map: [0x00000173ef8b0000,0x00000173efcc0000] byte_map_base: 0x00000173ef4b0000

Marking Bits: (ParMarkBitMap*) 0x0000000074485390
 Begin Bits: [0x00000173eff70000, 0x00000173f1f70000)
 End Bits:   [0x00000173f1f70000, 0x00000173f3f70000)

Polling page: 0x00000173dec40000

CodeCache: size=245760Kb used=6414Kb max_used=6426Kb free=239346Kb
 bounds [0x00000173e04f0000, 0x00000173e0b40000, 0x00000173ef4f0000]
 total_blobs=2083 nmethods=1501 adapters=493
 compilation: enabled

Compilation events (10 events):
Event: 3.754 Thread 0x00000173f707a000 nmethod 1499 0x00000173e0b2bdd0 code [0x00000173e0b2bfa0, 0x00000173e0b2c620]
Event: 3.757 Thread 0x00000173f7073800 nmethod 1497 0x00000173e0b2b4d0 code [0x00000173e0b2b640, 0x00000173e0b2bb28]
Event: 3.771 Thread 0x00000173f7074800 nmethod 1500 0x00000173e0b337d0 code [0x00000173e0b339a0, 0x00000173e0b34180]
Event: 3.772 Thread 0x00000173f7079800 1501       4       sun.net.www.ParseUtil::encodePath (336 bytes)
Event: 3.773 Thread 0x00000173f7073800 1502       4       java.io.WinNTFileSystem::resolve (231 bytes)
Event: 3.773 Thread 0x00000173f7074800 1503   !   4       sun.misc.URLClassPath$FileLoader::getResource (164 bytes)
Event: 3.782 Thread 0x00000173f7073800 nmethod 1502 0x00000173e0b37e50 code [0x00000173e0b37fc0, 0x00000173e0b386b8]
Event: 3.782 Thread 0x00000173f7073800 1504       4       java.io.File::<init> (113 bytes)
Event: 3.791 Thread 0x00000173f7079800 nmethod 1501 0x00000173e0b35190 code [0x00000173e0b35340, 0x00000173e0b36050]
Event: 3.795 Thread 0x00000173f7079800 1505       4       java.lang.ClassLoader::checkName (43 bytes)

GC Heap History (10 events):
Event: 1.041 GC heap before
{Heap before GC invocations=1 (full 0):
 PSYoungGen      total 36864K, used 31744K [0x00000000d5580000, 0x00000000d7e80000, 0x0000000100000000)
  eden space 31744K, 100% used [0x00000000d5580000,0x00000000d7480000,0x00000000d7480000)
  from space 5120K, 0% used [0x00000000d7980000,0x00000000d7980000,0x00000000d7e80000)
  to   space 5120K, 0% used [0x00000000d7480000,0x00000000d7480000,0x00000000d7980000)
 ParOldGen       total 84992K, used 0K [0x0000000080000000, 0x0000000085300000, 0x00000000d5580000)
  object space 84992K, 0% used [0x0000000080000000,0x0000000080000000,0x0000000085300000)
 Metaspace       used 4615K, capacity 5312K, committed 5504K, reserved 1056768K
  class space    used 490K, capacity 568K, committed 640K, reserved 1048576K
Event: 1.047 GC heap after
Heap after GC invocations=1 (full 0):
 PSYoungGen      total 36864K, used 4131K [0x00000000d5580000, 0x00000000d7e80000, 0x0000000100000000)
  eden space 31744K, 0% used [0x00000000d5580000,0x00000000d5580000,0x00000000d7480000)
  from space 5120K, 80% used [0x00000000d7480000,0x00000000d7888c40,0x00000000d7980000)
  to   space 5120K, 0% used [0x00000000d7980000,0x00000000d7980000,0x00000000d7e80000)
 ParOldGen       total 84992K, used 8K [0x0000000080000000, 0x0000000085300000, 0x00000000d5580000)
  object space 84992K, 0% used [0x0000000080000000,0x0000000080002000,0x0000000085300000)
 Metaspace       used 4615K, capacity 5312K, committed 5504K, reserved 1056768K
  class space    used 490K, capacity 568K, committed 640K, reserved 1048576K
}
Event: 1.769 GC heap before
{Heap before GC invocations=2 (full 0):
 PSYoungGen      total 36864K, used 35875K [0x00000000d5580000, 0x00000000d7e80000, 0x0000000100000000)
  eden space 31744K, 100% used [0x00000000d5580000,0x00000000d7480000,0x00000000d7480000)
  from space 5120K, 80% used [0x00000000d7480000,0x00000000d7888c40,0x00000000d7980000)
  to   space 5120K, 0% used [0x00000000d7980000,0x00000000d7980000,0x00000000d7e80000)
 ParOldGen       total 84992K, used 8K [0x0000000080000000, 0x0000000085300000, 0x00000000d5580000)
  object space 84992K, 0% used [0x0000000080000000,0x0000000080002000,0x0000000085300000)
 Metaspace       used 8450K, capacity 8624K, committed 8704K, reserved 1056768K
  class space    used 930K, capacity 984K, committed 1024K, reserved 1048576K
Event: 1.774 GC heap after
Heap after GC invocations=2 (full 0):
 PSYoungGen      total 36864K, used 4526K [0x00000000d5580000, 0x00000000d7e80000, 0x0000000100000000)
  eden space 31744K, 0% used [0x00000000d5580000,0x00000000d5580000,0x00000000d7480000)
  from space 5120K, 88% used [0x00000000d7980000,0x00000000d7debbe0,0x00000000d7e80000)
  to   space 5120K, 0% used [0x00000000d7480000,0x00000000d7480000,0x00000000d7980000)
 ParOldGen       total 84992K, used 16K [0x0000000080000000, 0x0000000085300000, 0x00000000d5580000)
  object space 84992K, 0% used [0x0000000080000000,0x0000000080004000,0x0000000085300000)
 Metaspace       used 8450K, capacity 8624K, committed 8704K, reserved 1056768K
  class space    used 930K, capacity 984K, committed 1024K, reserved 1048576K
}
Event: 2.237 GC heap before
{Heap before GC invocations=3 (full 0):
 PSYoungGen      total 36864K, used 36270K [0x00000000d5580000, 0x00000000d7e80000, 0x0000000100000000)
  eden space 31744K, 100% used [0x00000000d5580000,0x00000000d7480000,0x00000000d7480000)
  from space 5120K, 88% used [0x00000000d7980000,0x00000000d7debbe0,0x00000000d7e80000)
  to   space 5120K, 0% used [0x00000000d7480000,0x00000000d7480000,0x00000000d7980000)
 ParOldGen       total 84992K, used 16K [0x0000000080000000, 0x0000000085300000, 0x00000000d5580000)
  object space 84992K, 0% used [0x0000000080000000,0x0000000080004000,0x0000000085300000)
 Metaspace       used 10370K, capacity 10518K, committed 10752K, reserved 1058816K
  class space    used 1156K, capacity 1209K, committed 1280K, reserved 1048576K
Event: 2.242 GC heap after
Heap after GC invocations=3 (full 0):
 PSYoungGen      total 36864K, used 5102K [0x00000000d5580000, 0x00000000d7e80000, 0x0000000100000000)
  eden space 31744K, 0% used [0x00000000d5580000,0x00000000d5580000,0x00000000d7480000)
  from space 5120K, 99% used [0x00000000d7480000,0x00000000d797bbf8,0x00000000d7980000)
  to   space 5120K, 0% used [0x00000000d7980000,0x00000000d7980000,0x00000000d7e80000)
 ParOldGen       total 84992K, used 71K [0x0000000080000000, 0x0000000085300000, 0x00000000d5580000)
  object space 84992K, 0% used [0x0000000080000000,0x0000000080011d48,0x0000000085300000)
 Metaspace       used 10370K, capacity 10518K, committed 10752K, reserved 1058816K
  class space    used 1156K, capacity 1209K, committed 1280K, reserved 1048576K
}
Event: 2.577 GC heap before
{Heap before GC invocations=4 (full 0):
 PSYoungGen      total 36864K, used 36846K [0x00000000d5580000, 0x00000000d7e80000, 0x0000000100000000)
  eden space 31744K, 100% used [0x00000000d5580000,0x00000000d7480000,0x00000000d7480000)
  from space 5120K, 99% used [0x00000000d7480000,0x00000000d797bbf8,0x00000000d7980000)
  to   space 5120K, 0% used [0x00000000d7980000,0x00000000d7980000,0x00000000d7e80000)
 ParOldGen       total 84992K, used 71K [0x0000000080000000, 0x0000000085300000, 0x00000000d5580000)
  object space 84992K, 0% used [0x0000000080000000,0x0000000080011d48,0x0000000085300000)
 Metaspace       used 11068K, capacity 11254K, committed 11648K, reserved 1058816K
  class space    used 1221K, capacity 1305K, committed 1408K, reserved 1048576K
Event: 2.580 GC heap after
Heap after GC invocations=4 (full 0):
 PSYoungGen      total 36864K, used 4926K [0x00000000d5580000, 0x00000000d7e80000, 0x0000000100000000)
  eden space 31744K, 0% used [0x00000000d5580000,0x00000000d5580000,0x00000000d7480000)
  from space 5120K, 96% used [0x00000000d7980000,0x00000000d7e4f9b8,0x00000000d7e80000)
  to   space 5120K, 0% used [0x00000000d7480000,0x00000000d7480000,0x00000000d7980000)
 ParOldGen       total 84992K, used 79K [0x0000000080000000, 0x0000000085300000, 0x00000000d5580000)
  object space 84992K, 0% used [0x0000000080000000,0x0000000080013d48,0x0000000085300000)
 Metaspace       used 11068K, capacity 11254K, committed 11648K, reserved 1058816K
  class space    used 1221K, capacity 1305K, committed 1408K, reserved 1048576K
}
Event: 3.141 GC heap before
{Heap before GC invocations=5 (full 0):
 PSYoungGen      total 36864K, used 36670K [0x00000000d5580000, 0x00000000d7e80000, 0x0000000100000000)
  eden space 31744K, 100% used [0x00000000d5580000,0x00000000d7480000,0x00000000d7480000)
  from space 5120K, 96% used [0x00000000d7980000,0x00000000d7e4f9b8,0x00000000d7e80000)
  to   space 5120K, 0% used [0x00000000d7480000,0x00000000d7480000,0x00000000d7980000)
 ParOldGen       total 84992K, used 79K [0x0000000080000000, 0x0000000085300000, 0x00000000d5580000)
  object space 84992K, 0% used [0x0000000080000000,0x0000000080013d48,0x0000000085300000)
 Metaspace       used 14296K, capacity 14516K, committed 14720K, reserved 1062912K
  class space    used 1482K, capacity 1538K, committed 1664K, reserved 1048576K
Event: 3.148 GC heap after
Heap after GC invocations=5 (full 0):
 PSYoungGen      total 36352K, used 5107K [0x00000000d5580000, 0x00000000d8200000, 0x0000000100000000)
  eden space 31232K, 0% used [0x00000000d5580000,0x00000000d5580000,0x00000000d7400000)
  from space 5120K, 99% used [0x00000000d7480000,0x00000000d797ce38,0x00000000d7980000)
  to   space 7168K, 0% used [0x00000000d7b00000,0x00000000d7b00000,0x00000000d8200000)
 ParOldGen       total 84992K, used 2059K [0x0000000080000000, 0x0000000085300000, 0x00000000d5580000)
  object space 84992K, 2% used [0x0000000080000000,0x0000000080202dd8,0x0000000085300000)
 Metaspace       used 14296K, capacity 14516K, committed 14720K, reserved 1062912K
  class space    used 1482K, capacity 1538K, committed 1664K, reserved 1048576K
}

Deoptimization events (10 events):
Event: 3.074 Thread 0x00000173deb1a800 Uncommon trap: reason=unstable_if action=reinterpret pc=0x00000173e0659564 method=java.lang.String.regionMatches(ZILjava/lang/String;II)Z @ 123
Event: 3.074 Thread 0x00000173deb1a800 Uncommon trap: reason=unstable_if action=reinterpret pc=0x00000173e0669f18 method=java.lang.String.regionMatches(ZILjava/lang/String;II)Z @ 123
Event: 3.289 Thread 0x00000173deb1a800 Uncommon trap: reason=unstable_if action=reinterpret pc=0x00000173e0a56e6c method=java.util.HashMap.hash(Ljava/lang/Object;)I @ 1
Event: 3.290 Thread 0x00000173deb1a800 Uncommon trap: reason=unstable_if action=reinterpret pc=0x00000173e08570a8 method=java.util.HashMap.hash(Ljava/lang/Object;)I @ 1
Event: 3.701 Thread 0x00000173deb1a800 Uncommon trap: reason=unstable_if action=reinterpret pc=0x00000173e08a9c64 method=java.lang.String.lastIndexOf([CII[CIII)I @ 17
Event: 3.701 Thread 0x00000173deb1a800 Uncommon trap: reason=unstable_if action=reinterpret pc=0x00000173e07ddcd0 method=sun.misc.URLClassPath$JarLoader.getResource(Ljava/lang/String;Z)Lsun/misc/Resource; @ 15
Event: 3.706 Thread 0x00000173deb1a800 Uncommon trap: reason=unstable_if action=reinterpret pc=0x00000173e07178f0 method=sun.misc.URLClassPath$JarLoader.getResource(Ljava/lang/String;Z)Lsun/misc/Resource; @ 15
Event: 3.707 Thread 0x00000173deb1a800 Uncommon trap: reason=unstable_if action=reinterpret pc=0x00000173e09150a0 method=sun.misc.MetaIndex.mayContain(Ljava/lang/String;)Z @ 38
Event: 3.708 Thread 0x00000173deb1a800 Uncommon trap: reason=unstable_if action=reinterpret pc=0x00000173e0767ac0 method=java.net.URL.<init>(Ljava/net/URL;Ljava/lang/String;Ljava/net/URLStreamHandler;)V @ 391
Event: 3.708 Thread 0x00000173deb1a800 Uncommon trap: reason=unstable_if action=reinterpret pc=0x00000173e07b546c method=java.util.BitSet.get(I)Z @ 60

Classes redefined (0 events):
No events

Internal exceptions (10 events):
Event: 3.746 Thread 0x00000173deb1a800 Exception <a 'java/lang/ClassNotFoundException': sun/net/www/protocol/c/Handler> (0x00000000d6d8a940) thrown at [C:\jenkins\workspace\zulu-platform-build\zulu-src.git\hotspot\src\share\vm\classfile\systemDictionary.cpp, line 220]
Event: 3.747 Thread 0x00000173deb1a800 Exception <a 'java/lang/ClassNotFoundException': sun/net/www/protocol/c/Handler> (0x00000000d6da9858) thrown at [C:\jenkins\workspace\zulu-platform-build\zulu-src.git\hotspot\src\share\vm\classfile\systemDictionary.cpp, line 220]
Event: 3.749 Thread 0x00000173deb1a800 Exception <a 'java/lang/ClassNotFoundException': sun/net/www/protocol/c/Handler> (0x00000000d6dc8368) thrown at [C:\jenkins\workspace\zulu-platform-build\zulu-src.git\hotspot\src\share\vm\classfile\systemDictionary.cpp, line 220]
Event: 3.750 Thread 0x00000173deb1a800 Exception <a 'java/lang/ClassNotFoundException': sun/net/www/protocol/c/Handler> (0x00000000d6de6df8) thrown at [C:\jenkins\workspace\zulu-platform-build\zulu-src.git\hotspot\src\share\vm\classfile\systemDictionary.cpp, line 220]
Event: 3.751 Thread 0x00000173deb1a800 Exception <a 'java/lang/ClassNotFoundException': sun/net/www/protocol/c/Handler> (0x00000000d6e058b0) thrown at [C:\jenkins\workspace\zulu-platform-build\zulu-src.git\hotspot\src\share\vm\classfile\systemDictionary.cpp, line 220]
Event: 3.752 Thread 0x00000173deb1a800 Exception <a 'java/lang/ClassNotFoundException': sun/net/www/protocol/c/Handler> (0x00000000d6e24528) thrown at [C:\jenkins\workspace\zulu-platform-build\zulu-src.git\hotspot\src\share\vm\classfile\systemDictionary.cpp, line 220]
Event: 3.753 Thread 0x00000173deb1a800 Exception <a 'java/lang/ClassNotFoundException': sun/net/www/protocol/c/Handler> (0x00000000d6e42fa8) thrown at [C:\jenkins\workspace\zulu-platform-build\zulu-src.git\hotspot\src\share\vm\classfile\systemDictionary.cpp, line 220]
Event: 3.755 Thread 0x00000173deb1a800 Exception <a 'java/lang/ClassNotFoundException': sun/net/www/protocol/c/Handler> (0x00000000d6e61a40) thrown at [C:\jenkins\workspace\zulu-platform-build\zulu-src.git\hotspot\src\share\vm\classfile\systemDictionary.cpp, line 220]
Event: 3.756 Thread 0x00000173deb1a800 Exception <a 'java/lang/ClassNotFoundException': sun/net/www/protocol/c/Handler> (0x00000000d6e804d8) thrown at [C:\jenkins\workspace\zulu-platform-build\zulu-src.git\hotspot\src\share\vm\classfile\systemDictionary.cpp, line 220]
Event: 3.758 Thread 0x00000173deb1a800 Exception <a 'java/lang/ClassNotFoundException': sun/net/www/protocol/c/Handler> (0x00000000d6e9efe8) thrown at [C:\jenkins\workspace\zulu-platform-build\zulu-src.git\hotspot\src\share\vm\classfile\systemDictionary.cpp, line 220]

Events (10 events):
Event: 3.755 loading class sun/net/www/protocol/c/Handler
Event: 3.755 loading class sun/net/www/protocol/c/Handler done
Event: 3.756 loading class sun/net/www/protocol/c/Handler
Event: 3.756 loading class sun/net/www/protocol/c/Handler done
Event: 3.756 loading class sun/net/www/protocol/c/Handler
Event: 3.756 loading class sun/net/www/protocol/c/Handler done
Event: 3.758 loading class sun/net/www/protocol/c/Handler
Event: 3.758 loading class sun/net/www/protocol/c/Handler done
Event: 3.758 loading class sun/net/www/protocol/c/Handler
Event: 3.758 loading class sun/net/www/protocol/c/Handler done


Dynamic libraries:
0x00007ff74abf0000 - 0x00007ff74ac41000 	C:\Users\phlv5\.katalon\packages\Katalon_Studio_Windows_64-8.6.8\Katalon_Studio_Windows_64-8.6.8\jre\bin\javaw.exe
0x00007ff8079f0000 - 0x00007ff807c07000 	C:\WINDOWS\SYSTEM32\ntdll.dll
0x00007ff8067e0000 - 0x00007ff8068a4000 	C:\WINDOWS\System32\KERNEL32.DLL
0x00007ff804d70000 - 0x00007ff805116000 	C:\WINDOWS\System32\KERNELBASE.dll
0x00007ff805b40000 - 0x00007ff805bf0000 	C:\WINDOWS\System32\ADVAPI32.dll
0x00007ff805a90000 - 0x00007ff805b37000 	C:\WINDOWS\System32\msvcrt.dll
0x00007ff8070a0000 - 0x00007ff807146000 	C:\WINDOWS\System32\sechost.dll
0x00007ff805780000 - 0x00007ff805897000 	C:\WINDOWS\System32\RPCRT4.dll
0x00007ff8064b0000 - 0x00007ff80665d000 	C:\WINDOWS\System32\USER32.dll
0x00007ff805120000 - 0x00007ff805146000 	C:\WINDOWS\System32\win32u.dll
0x00007ff805750000 - 0x00007ff805779000 	C:\WINDOWS\System32\GDI32.dll
0x00007ff8051f0000 - 0x00007ff805308000 	C:\WINDOWS\System32\gdi32full.dll
0x00007ff805150000 - 0x00007ff8051ea000 	C:\WINDOWS\System32\msvcp_win.dll
0x00007ff805310000 - 0x00007ff805421000 	C:\WINDOWS\System32\ucrtbase.dll
0x00007fffeb070000 - 0x00007fffeb303000 	C:\WINDOWS\WinSxS\amd64_microsoft.windows.common-controls_6595b64144ccf1df_6.0.22621.2361_none_2712ced57382f843\COMCTL32.dll
0x00007ff8068b0000 - 0x00007ff8068e1000 	C:\WINDOWS\System32\IMM32.DLL
0x00007ffff1230000 - 0x00007ffff1245000 	C:\Users\phlv5\.katalon\packages\Katalon_Studio_Windows_64-8.6.8\Katalon_Studio_Windows_64-8.6.8\jre\bin\vcruntime140.dll
0x00007fffed140000 - 0x00007fffed1db000 	C:\Users\phlv5\.katalon\packages\Katalon_Studio_Windows_64-8.6.8\Katalon_Studio_Windows_64-8.6.8\jre\bin\msvcp140.dll
0x0000000073c90000 - 0x0000000074500000 	C:\Users\phlv5\.katalon\packages\Katalon_Studio_Windows_64-8.6.8\Katalon_Studio_Windows_64-8.6.8\jre\bin\server\jvm.dll
0x00007ff805bf0000 - 0x00007ff805bf8000 	C:\WINDOWS\System32\PSAPI.DLL
0x00007ffffcb90000 - 0x00007ffffcbc4000 	C:\WINDOWS\SYSTEM32\WINMM.dll
0x00007ffffce10000 - 0x00007ffffce1a000 	C:\WINDOWS\SYSTEM32\VERSION.dll
0x00007fffe9f90000 - 0x00007fffe9f99000 	C:\WINDOWS\SYSTEM32\WSOCK32.dll
0x00007ff806660000 - 0x00007ff8066d1000 	C:\WINDOWS\System32\WS2_32.dll
0x00007ff803ea0000 - 0x00007ff803eb8000 	C:\WINDOWS\SYSTEM32\kernel.appcore.dll
0x00007ffffd6c0000 - 0x00007ffffd6d0000 	C:\Users\phlv5\.katalon\packages\Katalon_Studio_Windows_64-8.6.8\Katalon_Studio_Windows_64-8.6.8\jre\bin\verify.dll
0x00007ffff0960000 - 0x00007ffff098b000 	C:\Users\phlv5\.katalon\packages\Katalon_Studio_Windows_64-8.6.8\Katalon_Studio_Windows_64-8.6.8\jre\bin\java.dll
0x00007ffffd4d0000 - 0x00007ffffd4e8000 	C:\Users\phlv5\.katalon\packages\Katalon_Studio_Windows_64-8.6.8\Katalon_Studio_Windows_64-8.6.8\jre\bin\zip.dll
0x00007ff807150000 - 0x00007ff8079a8000 	C:\WINDOWS\System32\SHELL32.dll
0x00007ff802cd0000 - 0x00007ff8035c2000 	C:\WINDOWS\SYSTEM32\windows.storage.dll
0x00007ff805c90000 - 0x00007ff80601a000 	C:\WINDOWS\System32\combase.dll
0x00007ff802b90000 - 0x00007ff802cce000 	C:\WINDOWS\SYSTEM32\wintypes.dll
0x00007ff806950000 - 0x00007ff806a43000 	C:\WINDOWS\System32\SHCORE.dll
0x00007ff8068f0000 - 0x00007ff80694e000 	C:\WINDOWS\System32\shlwapi.dll
0x00007ff804ca0000 - 0x00007ff804cc6000 	C:\WINDOWS\SYSTEM32\profapi.dll

VM Arguments:
jvm_args: -Dgroovy.home=C:\Users\phlv5/.groovy -Djava.system.class.loader=groovy.lang.GroovyClassLoader -Xmx2048m -Dfile.encoding=UTF-8 
java_command: org.codehaus.groovy.tools.GroovyStarter --classpath C:\Users\phlv5\Katalon Studio\Git\DesktopApplication\bin\keyword;C:\Users\phlv5\Katalon Studio\Git\DesktopApplication\Keywords;C:\Users\phlv5\Katalon Studio\Git\DesktopApplication\bin\listener;C:\Users\phlv5\Katalon Studio\Git\DesktopApplication\Test Listeners;C:\Users\phlv5\Katalon Studio\Git\DesktopApplication\bin\lib;C:\Users\phlv5\Katalon Studio\Git\DesktopApplication\Libs;C:\Users\phlv5\Katalon Studio\Git\DesktopApplication\bin\groovy;C:\Users\phlv5\Katalon Studio\Git\DesktopApplication\Include\scripts\groovy;C:\Users\phlv5\.katalon\packages\Katalon_Studio_Windows_64-8.6.8\Katalon_Studio_Windows_64-8.6.8\plugins\com.kms.katalon.core_1.0.0.202309060301.jar;C:\Users\phlv5\.katalon\packages\Katalon_Studio_Windows_64-8.6.8\Katalon_Studio_Windows_64-8.6.8\configuration\resources\lib\aalto-xml-1.0.0.jar;C:\Users\phlv5\.katalon\packages\Katalon_Studio_Windows_64-8.6.8\Katalon_Studio_Windows_64-8.6.8\configuration\resources\lib\aspectjweaver-1.9.1.jar;C:\Users\phlv5\.katalon\packages\Katalon_Studio_Windows_64-8.6.8\Katalon_Studio_Windows_64-8.6.8\configuration\resources\lib\bcpkix-jdk15on-1.64.jar;C:\Users\phlv5\.katalon\packages\Katalon_Studio_Windows_64-8.6.8\Katalon_Studio_Windows_64-8.6.8\configuration\resources\lib\bcprov-jdk15on-1.64.jar;C:\Users\phlv5\.katalon\packages\Katalon_Studio_Windows_64-8.6.8\Katalon_Studio_Windows_64-8.6.8\configuration\resources\lib\browsermob-core-2.1.5.jar;C:\Users\phlv5\.katalon\packages\Katalon_Studio_Windows_64-8.6.8\Katalon_Studio_Windows_64-8.6.8\configuration\resources\lib\cglib-3.2.10.jar;C:\Users\phlv5\.katalon\packages\Katalon_Studio_Windows_64-8.6.8\Katalon_Studio_Windows_64-8.6.8\configuration\resources\lib\commons-codec-1.10.jar;C:\Users\phlv5\.katalon\packages\Katalon_Studio_Windows_64-8.6.8\Katalon_Studio_Windows_64-8.6.8\configuration\resources\lib\commons-collections4-4.1.jar;C:\Users\phlv5\.katalon\packages\Katalon_Studio_Windows_64-8.6.8\Katalon_Stu
java_class_path (initial): C:\Users\phlv5\Katalon Studio\Git\DesktopApplication\bin\keyword;C:\Users\phlv5\Katalon Studio\Git\DesktopApplication\bin\listener;C:\Users\phlv5\Katalon Studio\Git\DesktopApplication\bin\lib;C:\Users\phlv5\Katalon Studio\Git\DesktopApplication\bin\groovy;C:\Users\phlv5\Katalon Studio\Git\DesktopApplication\bin;C:\Users\phlv5\.katalon\packages\Katalon_Studio_Windows_64-8.6.8\Katalon_Studio_Windows_64-8.6.8\plugins\com.kms.katalon.core_1.0.0.202309060301.jar;C:\Users\phlv5\.katalon\packages\Katalon_Studio_Windows_64-8.6.8\Katalon_Studio_Windows_64-8.6.8\configuration\resources\lib\aalto-xml-1.0.0.jar;C:\Users\phlv5\.katalon\packages\Katalon_Studio_Windows_64-8.6.8\Katalon_Studio_Windows_64-8.6.8\configuration\resources\lib\aspectjweaver-1.9.1.jar;C:\Users\phlv5\.katalon\packages\Katalon_Studio_Windows_64-8.6.8\Katalon_Studio_Windows_64-8.6.8\configuration\resources\lib\bcpkix-jdk15on-1.64.jar;C:\Users\phlv5\.katalon\packages\Katalon_Studio_Windows_64-8.6.8\Katalon_Studio_Windows_64-8.6.8\configuration\resources\lib\bcprov-jdk15on-1.64.jar;C:\Users\phlv5\.katalon\packages\Katalon_Studio_Windows_64-8.6.8\Katalon_Studio_Windows_64-8.6.8\configuration\resources\lib\browsermob-core-2.1.5.jar;C:\Users\phlv5\.katalon\packages\Katalon_Studio_Windows_64-8.6.8\Katalon_Studio_Windows_64-8.6.8\configuration\resources\lib\cglib-3.2.10.jar;C:\Users\phlv5\.katalon\packages\Katalon_Studio_Windows_64-8.6.8\Katalon_Studio_Windows_64-8.6.8\configuration\resources\lib\commons-codec-1.10.jar;C:\Users\phlv5\.katalon\packages\Katalon_Studio_Windows_64-8.6.8\Katalon_Studio_Windows_64-8.6.8\configuration\resources\lib\commons-collections4-4.1.jar;C:\Users\phlv5\.katalon\packages\Katalon_Studio_Windows_64-8.6.8\Katalon_Studio_Windows_64-8.6.8\configuration\resources\lib\commons-validator-1.6.jar;C:\Users\phlv5\.katalon\packages\Katalon_Studio_Windows_64-8.6.8\Katalon_Studio_Windows_64-8.6.8\configuration\resources\lib\curvesapi-1.04.jar;C:\Users\phlv5\.katalon\pac
Launcher Type: SUN_STANDARD

Environment Variables:
JAVA_HOME=C:\Program Files\Java\Java\jdk1.8.0_111
PATH=C:/Users/phlv5/.katalon/packages/Katalon_Studio_Windows_64-8.6.8/Katalon_Studio_Windows_64-8.6.8/jre/bin/server;C:/Users/phlv5/.katalon/packages/Katalon_Studio_Windows_64-8.6.8/Katalon_Studio_Windows_64-8.6.8/jre/bin;C:/Users/phlv5/.katalon/packages/Katalon_Studio_Windows_64-8.6.8/Katalon_Studio_Windows_64-8.6.8/jre/lib/amd64;C:\WINDOWS\system32;C:\WINDOWS;C:\WINDOWS\System32\Wbem;C:\WINDOWS\System32\WindowsPowerShell\v1.0\;C:\WINDOWS\System32\OpenSSH\;C:\Program Files (x86)\HP\Common\HPDestPlgIn\;%Java%\bin\;C:\Program Files\nodejs\;C:\Program Files\Java\Java\jdk1.8.0_111\bin;C:\commandlinetools-win-8512546_latest\build-tools;C:\commandlinetools-win-8512546_latest\platform-tools;C:\Program Files\Git\cmd;C:\Users\phlv5\AppData\Local\Programs\Python\Python312\Scripts\;C:\Users\phlv5\AppData\Local\Programs\Python\Python312\;C:\Users\phlv5\AppData\Local\Microsoft\WindowsApps;C:\Program Files (x86)\HP\Common\HPDestPlgIn\;C:\Users\phlv5\AppData\Roaming\npm;C:\Users\phlv5\.katalon\packages\Katalon_Studio_Windows_64-8.6.8\Katalon_Studio_Windows_64-8.6.8;
USERNAME=Praveen Reddy
OS=Windows_NT
PROCESSOR_IDENTIFIER=Intel64 Family 6 Model 140 Stepping 1, GenuineIntel



---------------  S Y S T E M  ---------------

OS: Windows 11 , 64 bit Build 22621 (10.0.22621.2428)

CPU:total 8 (initial active 8) (4 cores per cpu, 2 threads per core) family 6 model 140 stepping 1, cmov, cx8, fxsr, mmx, sse, sse2, sse3, ssse3, sse4.1, sse4.2, popcnt, avx, avx2, aes, clmul, erms, 3dnowpref, lzcnt, ht, tsc, tscinvbit, bmi1, bmi2, adx

Memory: 4k page, physical 8074280k(52092k free), swap 33240104k(5552k free)

vm_info: OpenJDK 64-Bit Server VM (25.362-b09) for windows-amd64 JRE (Zulu 8.68.0.21-CA-win64) (1.8.0_362-b09), built on Jan 19 2023 16:49:02 by "tester" with MS VC++ 15.9 (VS2017)

time: Thu Nov 30 14:59:39 2023
timezone: India Standard Time
elapsed time: 3.805035 seconds (0d 0h 0m 3s)

